Flow report for setup_control
Tue Jun 13 10:32:35 2023
Quartus II 32-bit Version 13.1.0 Build 162 10/23/2013 SJ Web Edition


---------------------
; Table of Contents ;
---------------------
  1. Legal Notice
  2. Flow Summary
  3. Flow Settings
  4. Flow Non-Default Global Settings
  5. Flow Elapsed Time
  6. Flow OS Summary
  7. Flow Log
  8. Flow Messages
  9. Flow Suppressed Messages



----------------
; Legal Notice ;
----------------
Copyright (C) 1991-2013 Altera Corporation
Your use of Altera Corporation's design tools, logic functions 
and other software and tools, and its AMPP partner logic 
functions, and any output files from any of the foregoing 
(including device programming or simulation files), and any 
associated documentation or information are expressly subject 
to the terms and conditions of the Altera Program License 
Subscription Agreement, Altera MegaCore Function License 
Agreement, or other applicable license agreement, including, 
without limitation, that your use is for the sole purpose of 
programming logic devices manufactured by Altera and sold by 
Altera or its authorized distributors.  Please refer to the 
applicable agreement for further details.



+---------------------------------------------------------------------------------+
; Flow Summary                                                                    ;
+------------------------------------+--------------------------------------------+
; Flow Status                        ; Successful - Tue Jun 13 10:32:35 2023      ;
; Quartus II 32-bit Version          ; 13.1.0 Build 162 10/23/2013 SJ Web Edition ;
; Revision Name                      ; setup_control                              ;
; Top-level Entity Name              ; setup_control                              ;
; Family                             ; Cyclone III                                ;
; Device                             ; EP3C40Q240C8                               ;
; Timing Models                      ; Final                                      ;
; Total logic elements               ; 629 / 39,600 ( 2 % )                       ;
;     Total combinational functions  ; 372 / 39,600 ( < 1 % )                     ;
;     Dedicated logic registers      ; 525 / 39,600 ( 1 % )                       ;
; Total registers                    ; 525                                        ;
; Total pins                         ; 32 / 129 ( 25 % )                          ;
; Total virtual pins                 ; 0                                          ;
; Total memory bits                  ; 0 / 1,161,216 ( 0 % )                      ;
; Embedded Multiplier 9-bit elements ; 0 / 252 ( 0 % )                            ;
; Total PLLs                         ; 0 / 4 ( 0 % )                              ;
+------------------------------------+--------------------------------------------+


+-----------------------------------------+
; Flow Settings                           ;
+-------------------+---------------------+
; Option            ; Setting             ;
+-------------------+---------------------+
; Start date & time ; 06/13/2023 10:32:06 ;
; Main task         ; Compilation         ;
; Revision Name     ; setup_control       ;
+-------------------+---------------------+


+-------------------------------------------------------------------------------------------------------------+
; Flow Non-Default Global Settings                                                                            ;
+-------------------------------------+------------------------+---------------+-------------+----------------+
; Assignment Name                     ; Value                  ; Default Value ; Entity Name ; Section Id     ;
+-------------------------------------+------------------------+---------------+-------------+----------------+
; COMPILER_SIGNATURE_ID               ; 0.168664512612263      ; --            ; --          ; --             ;
; EDA_OUTPUT_DATA_FORMAT              ; Vhdl                   ; --            ; --          ; eda_simulation ;
; EDA_SIMULATION_TOOL                 ; ModelSim-Altera (VHDL) ; <None>        ; --          ; --             ;
; MAX_CORE_JUNCTION_TEMP              ; 85                     ; --            ; --          ; --             ;
; MIN_CORE_JUNCTION_TEMP              ; 0                      ; --            ; --          ; --             ;
; NOMINAL_CORE_SUPPLY_VOLTAGE         ; 1.2V                   ; --            ; --          ; --             ;
; PARTITION_COLOR                     ; 16764057               ; --            ; --          ; Top            ;
; PARTITION_FITTER_PRESERVATION_LEVEL ; PLACEMENT_AND_ROUTING  ; --            ; --          ; Top            ;
; PARTITION_NETLIST_TYPE              ; SOURCE                 ; --            ; --          ; Top            ;
; PROJECT_OUTPUT_DIRECTORY            ; output_files           ; --            ; --          ; --             ;
+-------------------------------------+------------------------+---------------+-------------+----------------+


+-------------------------------------------------------------------------------------------------------------------------------+
; Flow Elapsed Time                                                                                                             ;
+---------------------------+--------------+-------------------------+---------------------+------------------------------------+
; Module Name               ; Elapsed Time ; Average Processors Used ; Peak Virtual Memory ; Total CPU Time (on all processors) ;
+---------------------------+--------------+-------------------------+---------------------+------------------------------------+
; Analysis & Synthesis      ; 00:00:03     ; 1.0                     ; 442 MB              ; 00:00:03                           ;
; Fitter                    ; 00:00:12     ; 1.4                     ; 718 MB              ; 00:00:15                           ;
; Assembler                 ; 00:00:03     ; 1.0                     ; 383 MB              ; 00:00:02                           ;
; TimeQuest Timing Analyzer ; 00:00:02     ; 1.0                     ; 453 MB              ; 00:00:02                           ;
; EDA Netlist Writer        ; 00:00:02     ; 1.0                     ; 339 MB              ; 00:00:02                           ;
; Total                     ; 00:00:22     ; --                      ; --                  ; 00:00:24                           ;
+---------------------------+--------------+-------------------------+---------------------+------------------------------------+


+-----------------------------------------------------------------------------------------------+
; Flow OS Summary                                                                               ;
+---------------------------+------------------+------------------+------------+----------------+
; Module Name               ; Machine Hostname ; OS Name          ; OS Version ; Processor type ;
+---------------------------+------------------+------------------+------------+----------------+
; Analysis & Synthesis      ; ce135            ; Debian GNU/Linux ; 9          ; x86_64         ;
; Fitter                    ; ce135            ; Debian GNU/Linux ; 9          ; x86_64         ;
; Assembler                 ; ce135            ; Debian GNU/Linux ; 9          ; x86_64         ;
; TimeQuest Timing Analyzer ; ce135            ; Debian GNU/Linux ; 9          ; x86_64         ;
; EDA Netlist Writer        ; ce135            ; Debian GNU/Linux ; 9          ; x86_64         ;
+---------------------------+------------------+------------------+------------+----------------+


------------
; Flow Log ;
------------
quartus_map --read_settings_files=on --write_settings_files=off setup_control -c setup_control
quartus_fit --read_settings_files=off --write_settings_files=off setup_control -c setup_control
quartus_asm --read_settings_files=off --write_settings_files=off setup_control -c setup_control
quartus_sta setup_control -c setup_control
quartus_eda --read_settings_files=off --write_settings_files=off setup_control -c setup_control



