Analysis & Synthesis report for setup_control
Fri Jun 16 09:24:56 2023
Quartus II 32-bit Version 13.1.0 Build 162 10/23/2013 SJ Web Edition


---------------------
; Table of Contents ;
---------------------
  1. Legal Notice
  2. Analysis & Synthesis Summary
  3. Analysis & Synthesis Settings
  4. Parallel Compilation
  5. Analysis & Synthesis Source Files Read
  6. Analysis & Synthesis Resource Usage Summary
  7. Analysis & Synthesis Resource Utilization by Entity
  8. Registers Removed During Synthesis
  9. General Register Statistics
 10. Multiplexer Restructuring Statistics (Restructuring Performed)
 11. Parameter Settings for User Entity Instance: Top-level Entity: |setup_control
 12. Parameter Settings for User Entity Instance: ramstix_gpmc_driver:gpmc_driver
 13. Port Connectivity Checks: "ramstix_gpmc_driver:gpmc_driver"
 14. Elapsed Time Per Partition
 15. Analysis & Synthesis Messages



----------------
; Legal Notice ;
----------------
Copyright (C) 1991-2013 Altera Corporation
Your use of Altera Corporation's design tools, logic functions 
and other software and tools, and its AMPP partner logic 
functions, and any output files from any of the foregoing 
(including device programming or simulation files), and any 
associated documentation or information are expressly subject 
to the terms and conditions of the Altera Program License 
Subscription Agreement, Altera MegaCore Function License 
Agreement, or other applicable license agreement, including, 
without limitation, that your use is for the sole purpose of 
programming logic devices manufactured by Altera and sold by 
Altera or its authorized distributors.  Please refer to the 
applicable agreement for further details.



+---------------------------------------------------------------------------------+
; Analysis & Synthesis Summary                                                    ;
+------------------------------------+--------------------------------------------+
; Analysis & Synthesis Status        ; Successful - Fri Jun 16 09:24:55 2023      ;
; Quartus II 32-bit Version          ; 13.1.0 Build 162 10/23/2013 SJ Web Edition ;
; Revision Name                      ; setup_control                              ;
; Top-level Entity Name              ; setup_control                              ;
; Family                             ; Cyclone III                                ;
; Total logic elements               ; 926                                        ;
;     Total combinational functions  ; 385                                        ;
;     Dedicated logic registers      ; 557                                        ;
; Total registers                    ; 557                                        ;
; Total pins                         ; 32                                         ;
; Total virtual pins                 ; 0                                          ;
; Total memory bits                  ; 0                                          ;
; Embedded Multiplier 9-bit elements ; 0                                          ;
; Total PLLs                         ; 0                                          ;
+------------------------------------+--------------------------------------------+


+----------------------------------------------------------------------------------------------------------------------+
; Analysis & Synthesis Settings                                                                                        ;
+----------------------------------------------------------------------------+--------------------+--------------------+
; Option                                                                     ; Setting            ; Default Value      ;
+----------------------------------------------------------------------------+--------------------+--------------------+
; Device                                                                     ; EP3C40Q240C8       ;                    ;
; Top-level entity name                                                      ; setup_control      ; setup_control      ;
; Family name                                                                ; Cyclone III        ; Cyclone IV GX      ;
; Use smart compilation                                                      ; Off                ; Off                ;
; Enable parallel Assembler and TimeQuest Timing Analyzer during compilation ; On                 ; On                 ;
; Enable compact report table                                                ; Off                ; Off                ;
; Restructure Multiplexers                                                   ; Auto               ; Auto               ;
; Create Debugging Nodes for IP Cores                                        ; Off                ; Off                ;
; Preserve fewer node names                                                  ; On                 ; On                 ;
; Disable OpenCore Plus hardware evaluation                                  ; Off                ; Off                ;
; Verilog Version                                                            ; Verilog_2001       ; Verilog_2001       ;
; VHDL Version                                                               ; VHDL_1993          ; VHDL_1993          ;
; State Machine Processing                                                   ; Auto               ; Auto               ;
; Safe State Machine                                                         ; Off                ; Off                ;
; Extract Verilog State Machines                                             ; On                 ; On                 ;
; Extract VHDL State Machines                                                ; On                 ; On                 ;
; Ignore Verilog initial constructs                                          ; Off                ; Off                ;
; Iteration limit for constant Verilog loops                                 ; 5000               ; 5000               ;
; Iteration limit for non-constant Verilog loops                             ; 250                ; 250                ;
; Add Pass-Through Logic to Inferred RAMs                                    ; On                 ; On                 ;
; Infer RAMs from Raw Logic                                                  ; On                 ; On                 ;
; Parallel Synthesis                                                         ; On                 ; On                 ;
; DSP Block Balancing                                                        ; Auto               ; Auto               ;
; NOT Gate Push-Back                                                         ; On                 ; On                 ;
; Power-Up Don't Care                                                        ; On                 ; On                 ;
; Remove Redundant Logic Cells                                               ; Off                ; Off                ;
; Remove Duplicate Registers                                                 ; On                 ; On                 ;
; Ignore CARRY Buffers                                                       ; Off                ; Off                ;
; Ignore CASCADE Buffers                                                     ; Off                ; Off                ;
; Ignore GLOBAL Buffers                                                      ; Off                ; Off                ;
; Ignore ROW GLOBAL Buffers                                                  ; Off                ; Off                ;
; Ignore LCELL Buffers                                                       ; Off                ; Off                ;
; Ignore SOFT Buffers                                                        ; On                 ; On                 ;
; Limit AHDL Integers to 32 Bits                                             ; Off                ; Off                ;
; Optimization Technique                                                     ; Balanced           ; Balanced           ;
; Carry Chain Length                                                         ; 70                 ; 70                 ;
; Auto Carry Chains                                                          ; On                 ; On                 ;
; Auto Open-Drain Pins                                                       ; On                 ; On                 ;
; Perform WYSIWYG Primitive Resynthesis                                      ; Off                ; Off                ;
; Auto ROM Replacement                                                       ; On                 ; On                 ;
; Auto RAM Replacement                                                       ; On                 ; On                 ;
; Auto DSP Block Replacement                                                 ; On                 ; On                 ;
; Auto Shift Register Replacement                                            ; Auto               ; Auto               ;
; Allow Shift Register Merging across Hierarchies                            ; Auto               ; Auto               ;
; Auto Clock Enable Replacement                                              ; On                 ; On                 ;
; Strict RAM Replacement                                                     ; Off                ; Off                ;
; Allow Synchronous Control Signals                                          ; On                 ; On                 ;
; Force Use of Synchronous Clear Signals                                     ; Off                ; Off                ;
; Auto RAM Block Balancing                                                   ; On                 ; On                 ;
; Auto RAM to Logic Cell Conversion                                          ; Off                ; Off                ;
; Auto Resource Sharing                                                      ; Off                ; Off                ;
; Allow Any RAM Size For Recognition                                         ; Off                ; Off                ;
; Allow Any ROM Size For Recognition                                         ; Off                ; Off                ;
; Allow Any Shift Register Size For Recognition                              ; Off                ; Off                ;
; Use LogicLock Constraints during Resource Balancing                        ; On                 ; On                 ;
; Ignore translate_off and synthesis_off directives                          ; Off                ; Off                ;
; Timing-Driven Synthesis                                                    ; On                 ; On                 ;
; Report Parameter Settings                                                  ; On                 ; On                 ;
; Report Source Assignments                                                  ; On                 ; On                 ;
; Report Connectivity Checks                                                 ; On                 ; On                 ;
; Ignore Maximum Fan-Out Assignments                                         ; Off                ; Off                ;
; Synchronization Register Chain Length                                      ; 2                  ; 2                  ;
; PowerPlay Power Optimization                                               ; Normal compilation ; Normal compilation ;
; HDL message level                                                          ; Level2             ; Level2             ;
; Suppress Register Optimization Related Messages                            ; Off                ; Off                ;
; Number of Removed Registers Reported in Synthesis Report                   ; 5000               ; 5000               ;
; Number of Swept Nodes Reported in Synthesis Report                         ; 5000               ; 5000               ;
; Number of Inverted Registers Reported in Synthesis Report                  ; 100                ; 100                ;
; Clock MUX Protection                                                       ; On                 ; On                 ;
; Auto Gated Clock Conversion                                                ; Off                ; Off                ;
; Block Design Naming                                                        ; Auto               ; Auto               ;
; SDC constraint protection                                                  ; Off                ; Off                ;
; Synthesis Effort                                                           ; Auto               ; Auto               ;
; Shift Register Replacement - Allow Asynchronous Clear Signal               ; On                 ; On                 ;
; Pre-Mapping Resynthesis Optimization                                       ; Off                ; Off                ;
; Analysis & Synthesis Message Level                                         ; Medium             ; Medium             ;
; Disable Register Merging Across Hierarchies                                ; Auto               ; Auto               ;
; Resource Aware Inference For Block RAM                                     ; On                 ; On                 ;
; Synthesis Seed                                                             ; 1                  ; 1                  ;
+----------------------------------------------------------------------------+--------------------+--------------------+


+------------------------------------------+
; Parallel Compilation                     ;
+----------------------------+-------------+
; Processors                 ; Number      ;
+----------------------------+-------------+
; Number detected on machine ; 8           ;
; Maximum allowed            ; 4           ;
;                            ;             ;
; Average used               ; 1.00        ;
; Maximum used               ; 4           ;
;                            ;             ;
; Usage by Processor         ; % Time Used ;
;     Processor 1            ; 100.0%      ;
;     Processors 2-4         ; < 0.1%      ;
;     Processors 5-8         ;   0.0%      ;
+----------------------------+-------------+


+--------------------------------------------------------------------------------------------------------------------------------------------------------------------------------------------------------+
; Analysis & Synthesis Source Files Read                                                                                                                                                                 ;
+----------------------------------------------------+-----------------+-----------------+-----------------------------------------------------------------------------------------------------+---------+
; File Name with User-Entered Path                   ; Used in Netlist ; File Type       ; File Name with Absolute Path                                                                        ; Library ;
+----------------------------------------------------+-----------------+-----------------+-----------------------------------------------------------------------------------------------------+---------+
; ../gpmc_fpga_template/fpga/setup_control.vhd       ; yes             ; User VHDL File  ; /home/esl1-5/Desktop/ESL201000168/Assignment_9_GPMC/gpmc_fpga_template/fpga/setup_control.vhd       ;         ;
; ../gpmc_fpga_template/fpga/ramstix_gpmc_driver.vhd ; yes             ; User VHDL File  ; /home/esl1-5/Desktop/ESL201000168/Assignment_9_GPMC/gpmc_fpga_template/fpga/ramstix_gpmc_driver.vhd ;         ;
+----------------------------------------------------+-----------------+-----------------+-----------------------------------------------------------------------------------------------------+---------+


+--------------------------------------------------------------+
; Analysis & Synthesis Resource Usage Summary                  ;
+---------------------------------------------+----------------+
; Resource                                    ; Usage          ;
+---------------------------------------------+----------------+
; Estimated Total logic elements              ; 926            ;
;                                             ;                ;
; Total combinational functions               ; 385            ;
; Logic element usage by number of LUT inputs ;                ;
;     -- 4 input functions                    ; 354            ;
;     -- 3 input functions                    ; 20             ;
;     -- <=2 input functions                  ; 11             ;
;                                             ;                ;
; Logic elements by mode                      ;                ;
;     -- normal mode                          ; 385            ;
;     -- arithmetic mode                      ; 0              ;
;                                             ;                ;
; Total registers                             ; 557            ;
;     -- Dedicated logic registers            ; 557            ;
;     -- I/O registers                        ; 0              ;
;                                             ;                ;
; I/O pins                                    ; 32             ;
; Embedded Multiplier 9-bit elements          ; 0              ;
; Maximum fan-out node                        ; CLOCK_50~input ;
; Maximum fan-out                             ; 557            ;
; Total fan-out                               ; 3188           ;
; Average fan-out                             ; 3.12           ;
+---------------------------------------------+----------------+


+------------------------------------------------------------------------------------------------------------------------------------------------------------------------------------------------------------------+
; Analysis & Synthesis Resource Utilization by Entity                                                                                                                                                              ;
+--------------------------------------+-------------------+--------------+-------------+--------------+---------+-----------+------+--------------+------------------------------------------------+--------------+
; Compilation Hierarchy Node           ; LC Combinationals ; LC Registers ; Memory Bits ; DSP Elements ; DSP 9x9 ; DSP 18x18 ; Pins ; Virtual Pins ; Full Hierarchy Name                            ; Library Name ;
+--------------------------------------+-------------------+--------------+-------------+--------------+---------+-----------+------+--------------+------------------------------------------------+--------------+
; |setup_control                       ; 385 (0)           ; 557 (0)      ; 0           ; 0            ; 0       ; 0         ; 32   ; 0            ; |setup_control                                 ; work         ;
;    |ramstix_gpmc_driver:gpmc_driver| ; 385 (385)         ; 557 (557)    ; 0           ; 0            ; 0       ; 0         ; 0    ; 0            ; |setup_control|ramstix_gpmc_driver:gpmc_driver ; work         ;
+--------------------------------------+-------------------+--------------+-------------+--------------+---------+-----------+------+--------------+------------------------------------------------+--------------+
Note: For table entries with two numbers listed, the numbers in parentheses indicate the number of resources of the given type used by the specific entity alone. The numbers listed outside of parentheses indicate the total resources of the given type used by the specific entity and all of its sub-entities in the hierarchy.


+-------------------------------------------------------------------------------------+
; Registers Removed During Synthesis                                                  ;
+--------------------------------------------+----------------------------------------+
; Register name                              ; Reason for Removal                     ;
+--------------------------------------------+----------------------------------------+
; ramstix_gpmc_driver:gpmc_driver|ram[0][0]  ; Stuck at VCC due to stuck port data_in ;
; ramstix_gpmc_driver:gpmc_driver|ram[0][1]  ; Stuck at GND due to stuck port data_in ;
; ramstix_gpmc_driver:gpmc_driver|ram[0][2]  ; Stuck at GND due to stuck port data_in ;
; ramstix_gpmc_driver:gpmc_driver|ram[0][3]  ; Stuck at VCC due to stuck port data_in ;
; ramstix_gpmc_driver:gpmc_driver|ram[0][4]  ; Stuck at VCC due to stuck port data_in ;
; ramstix_gpmc_driver:gpmc_driver|ram[0][5]  ; Stuck at VCC due to stuck port data_in ;
; ramstix_gpmc_driver:gpmc_driver|ram[0][6]  ; Stuck at GND due to stuck port data_in ;
; ramstix_gpmc_driver:gpmc_driver|ram[0][7]  ; Stuck at GND due to stuck port data_in ;
; ramstix_gpmc_driver:gpmc_driver|ram[0][8]  ; Stuck at GND due to stuck port data_in ;
; ramstix_gpmc_driver:gpmc_driver|ram[0][9]  ; Stuck at GND due to stuck port data_in ;
; ramstix_gpmc_driver:gpmc_driver|ram[0][10] ; Stuck at GND due to stuck port data_in ;
; ramstix_gpmc_driver:gpmc_driver|ram[0][11] ; Stuck at GND due to stuck port data_in ;
; ramstix_gpmc_driver:gpmc_driver|ram[0][12] ; Stuck at VCC due to stuck port data_in ;
; ramstix_gpmc_driver:gpmc_driver|ram[0][13] ; Stuck at VCC due to stuck port data_in ;
; ramstix_gpmc_driver:gpmc_driver|ram[0][14] ; Stuck at GND due to stuck port data_in ;
; ramstix_gpmc_driver:gpmc_driver|ram[0][15] ; Stuck at GND due to stuck port data_in ;
; Total Number of Removed Registers = 16     ;                                        ;
+--------------------------------------------+----------------------------------------+


+------------------------------------------------------+
; General Register Statistics                          ;
+----------------------------------------------+-------+
; Statistic                                    ; Value ;
+----------------------------------------------+-------+
; Total registers                              ; 557   ;
; Number of registers using Synchronous Clear  ; 0     ;
; Number of registers using Synchronous Load   ; 0     ;
; Number of registers using Asynchronous Clear ; 0     ;
; Number of registers using Asynchronous Load  ; 0     ;
; Number of registers using Clock Enable       ; 496   ;
; Number of registers using Preset             ; 0     ;
+----------------------------------------------+-------+


+-------------------------------------------------------------------------------------------------------------------------------------------------------------------------------+
; Multiplexer Restructuring Statistics (Restructuring Performed)                                                                                                                ;
+--------------------+-----------+---------------+----------------------+------------------------+------------+-----------------------------------------------------------------+
; Multiplexer Inputs ; Bus Width ; Baseline Area ; Area if Restructured ; Saving if Restructured ; Registered ; Example Multiplexer Output                                      ;
+--------------------+-----------+---------------+----------------------+------------------------+------------+-----------------------------------------------------------------+
; 33:1               ; 16 bits   ; 352 LEs       ; 336 LEs              ; 16 LEs                 ; Yes        ; |setup_control|ramstix_gpmc_driver:gpmc_driver|gpmc_data_out[0] ;
+--------------------+-----------+---------------+----------------------+------------------------+------------+-----------------------------------------------------------------+


+-------------------------------------------------------------------------------+
; Parameter Settings for User Entity Instance: Top-level Entity: |setup_control ;
+----------------------+-------+------------------------------------------------+
; Parameter Name       ; Value ; Type                                           ;
+----------------------+-------+------------------------------------------------+
; DATA_WIDTH           ; 16    ; Signed Integer                                 ;
; GPMC_ADDR_WIDTH_HIGH ; 10    ; Signed Integer                                 ;
; GPMC_ADDR_WIDTH_LOW  ; 1     ; Signed Integer                                 ;
; RAM_SIZE             ; 32    ; Signed Integer                                 ;
+----------------------+-------+------------------------------------------------+
Note: In order to hide this table in the UI and the text report file, please set the "Show Parameter Settings in Synthesis Report" option in "Analysis and Synthesis Settings -> More Settings" to "Off".


+------------------------------------------------------------------------------+
; Parameter Settings for User Entity Instance: ramstix_gpmc_driver:gpmc_driver ;
+----------------------+-------+-----------------------------------------------+
; Parameter Name       ; Value ; Type                                          ;
+----------------------+-------+-----------------------------------------------+
; data_width           ; 16    ; Signed Integer                                ;
; gpmc_addr_width_high ; 10    ; Signed Integer                                ;
; gpmc_addr_width_low  ; 1     ; Signed Integer                                ;
; ram_size             ; 32    ; Signed Integer                                ;
+----------------------+-------+-----------------------------------------------+
Note: In order to hide this table in the UI and the text report file, please set the "Show Parameter Settings in Synthesis Report" option in "Analysis and Synthesis Settings -> More Settings" to "Off".


+---------------------------------------------------------------------------------------------------------------------------+
; Port Connectivity Checks: "ramstix_gpmc_driver:gpmc_driver"                                                               ;
+-----------------+--------+----------+-------------------------------------------------------------------------------------+
; Port            ; Type   ; Severity ; Details                                                                             ;
+-----------------+--------+----------+-------------------------------------------------------------------------------------+
; in_reg0[13..12] ; Input  ; Info     ; Stuck at VCC                                                                        ;
; in_reg0[5..3]   ; Input  ; Info     ; Stuck at VCC                                                                        ;
; in_reg0[15..14] ; Input  ; Info     ; Stuck at GND                                                                        ;
; in_reg0[11..6]  ; Input  ; Info     ; Stuck at GND                                                                        ;
; in_reg0[2..1]   ; Input  ; Info     ; Stuck at GND                                                                        ;
; in_reg0[0]      ; Input  ; Info     ; Stuck at VCC                                                                        ;
; out_reg3        ; Output ; Info     ; Connected to dangling logic. Logic that only feeds a dangling port will be removed. ;
+-----------------+--------+----------+-------------------------------------------------------------------------------------+


+-------------------------------+
; Elapsed Time Per Partition    ;
+----------------+--------------+
; Partition Name ; Elapsed Time ;
+----------------+--------------+
; Top            ; 00:00:02     ;
+----------------+--------------+


+-------------------------------+
; Analysis & Synthesis Messages ;
+-------------------------------+
Info: *******************************************************************
Info: Running Quartus II 32-bit Analysis & Synthesis
    Info: Version 13.1.0 Build 162 10/23/2013 SJ Web Edition
    Info: Processing started: Fri Jun 16 09:24:52 2023
Info: Command: quartus_map --read_settings_files=on --write_settings_files=off setup_control -c setup_control
Info (11104): Parallel Compilation has detected 8 hyper-threaded processors. However, the extra hyper-threaded processors will not be used by default. Parallel Compilation will use 4 of the 4 physical processors detected instead.
Info (12021): Found 2 design units, including 1 entities, in source file /home/esl1-5/Desktop/ESL201000168/Assignment_9_GPMC/gpmc_fpga_template/fpga/setup_control.vhd
    Info (12022): Found design unit 1: setup_control-structure
    Info (12023): Found entity 1: setup_control
Info (12021): Found 2 design units, including 1 entities, in source file /home/esl1-5/Desktop/ESL201000168/Assignment_9_GPMC/gpmc_fpga_template/fpga/ramstix_gpmc_driver.vhd
    Info (12022): Found design unit 1: ramstix_gpmc_driver-behavior
    Info (12023): Found entity 1: ramstix_gpmc_driver
Info (12127): Elaborating entity "setup_control" for the top level hierarchy
Warning (10036): Verilog HDL or VHDL warning at setup_control.vhd(73): object "out_reg3" assigned a value but never read
Info (12128): Elaborating entity "ramstix_gpmc_driver" for hierarchy "ramstix_gpmc_driver:gpmc_driver"
Info (286030): Timing-Driven Synthesis is running
Info (16010): Generating hard_block partition "hard_block:auto_generated_inst"
    Info (16011): Adding 0 node(s), including 0 DDIO, 0 PLL, 0 transceiver and 0 LCELL
Warning (21074): Design contains 2 input pin(s) that do not drive logic
    Warning (15610): No output dependent on input pin "GPMC_FPGA_IRQ"
    Warning (15610): No output dependent on input pin "GPMC_CLK"
Info (21057): Implemented 958 device resources after synthesis - the final resource count might be different
    Info (21058): Implemented 16 input pins
    Info (21059): Implemented 0 output pins
    Info (21060): Implemented 16 bidirectional pins
    Info (21061): Implemented 926 logic cells
Info: Quartus II 32-bit Analysis & Synthesis was successful. 0 errors, 4 warnings
    Info: Peak virtual memory: 430 megabytes
    Info: Processing ended: Fri Jun 16 09:24:56 2023
    Info: Elapsed time: 00:00:04
    Info: Total CPU time (on all processors): 00:00:04


